<?xml version="1.0" encoding="UTF-8"?>
<testng-results ignored="0" total="1" passed="1" failed="0" skipped="0">
  <reporter-output>
  </reporter-output>
  <suite started-at="2023-04-27T18:56:29 EEST" name="Default suite" finished-at="2023-04-27T18:56:31 EEST" duration-ms="2643">
    <groups>
    </groups>
    <test started-at="2023-04-27T18:56:29 EEST" name="Default test" finished-at="2023-04-27T18:56:31 EEST" duration-ms="2643">
      <class name="company.ExtentReportTest">
        <test-method is-config="true" signature="config()[pri:0, instance:company.ExtentReportTest@1a6d8329]" started-at="2023-04-27T18:56:29 EEST" name="config" finished-at="2023-04-27T18:56:29 EEST" duration-ms="213" status="PASS">
          <reporter-output>
          </reporter-output>
        </test-method> <!-- config -->
        <test-method signature="initialDemo()[pri:0, instance:company.ExtentReportTest@1a6d8329]" started-at="2023-04-27T18:56:29 EEST" name="initialDemo" finished-at="2023-04-27T18:56:31 EEST" duration-ms="2399" status="PASS">
          <reporter-output>
          </reporter-output>
        </test-method> <!-- initialDemo -->
      </class> <!-- company.ExtentReportTest -->
    </test> <!-- Default test -->
  </suite> <!-- Default suite -->
</testng-results>
